<?xml version="1.0" encoding="utf-8"?><testsuites name="pytest tests"><testsuite name="pytest" errors="0" failures="0" skipped="0" tests="9" time="2.686" timestamp="2026-03-09T10:58:48.186646+00:00" hostname="agent-env-1bd55083-eedc-41f9-8694-30b9268c02f7"><testcase classname="backend.tests.test_contact_api.TestAPIRoot" name="test_api_root_returns_200" time="0.230" /><testcase classname="backend.tests.test_contact_api.TestContactAPI" name="test_contact_success_with_full_data" time="0.277" /><testcase classname="backend.tests.test_contact_api.TestContactAPI" name="test_contact_success_with_required_fields_only" time="0.298" /><testcase classname="backend.tests.test_contact_api.TestContactAPI" name="test_contact_fails_without_name" time="0.108" /><testcase classname="backend.tests.test_contact_api.TestContactAPI" name="test_contact_fails_without_email" time="0.108" /><testcase classname="backend.tests.test_contact_api.TestContactAPI" name="test_contact_with_whitespace_only_name_fails" time="0.100" /><testcase classname="backend.tests.test_contact_api.TestContactAPI" name="test_contact_with_different_event_types" time="1.232" /><testcase classname="backend.tests.test_contact_api.TestStatusAPI" name="test_get_status_returns_list" time="0.132" /><testcase classname="backend.tests.test_contact_api.TestStatusAPI" name="test_create_status_check" time="0.109" /></testsuite></testsuites>